<?xml version="1.0" encoding="UTF-8"?>
<testng-results ignored="0" total="2" passed="2" failed="0" skipped="0">
  <reporter-output>
  </reporter-output>
  <suite started-at="2021-02-04T20:34:29Z" name="Default suite" finished-at="2021-02-04T20:34:57Z" duration-ms="28678">
    <groups>
    </groups>
    <test started-at="2021-02-04T20:34:29Z" name="Default test" finished-at="2021-02-04T20:34:57Z" duration-ms="28678">
      <class name="WebTablePack.ReadSpecificCellData">
        <test-method is-config="true" signature="openBrowse()[pri:0, instance:WebTablePack.ReadSpecificCellData@15ca7889]" started-at="2021-02-04T20:34:29Z" name="openBrowse" finished-at="2021-02-04T20:34:42Z" duration-ms="13002" status="PASS">
          <reporter-output>
          </reporter-output>
        </test-method> <!-- openBrowse -->
        <test-method signature="clickSubmenu()[pri:0, instance:WebTablePack.ReadSpecificCellData@15ca7889]" started-at="2021-02-04T20:34:42Z" name="clickSubmenu" finished-at="2021-02-04T20:34:57Z" duration-ms="15059" status="PASS">
          <reporter-output>
          </reporter-output>
        </test-method> <!-- clickSubmenu -->
        <test-method signature="readData()[pri:0, instance:WebTablePack.ReadSpecificCellData@15ca7889]" started-at="2021-02-04T20:34:57Z" name="readData" finished-at="2021-02-04T20:34:57Z" duration-ms="594" status="PASS">
          <reporter-output>
          </reporter-output>
        </test-method> <!-- readData -->
      </class> <!-- WebTablePack.ReadSpecificCellData -->
    </test> <!-- Default test -->
  </suite> <!-- Default suite -->
</testng-results>
