<?xml version="1.0" encoding="UTF-8"?>
<testng-results ignored="0" total="1" passed="1" failed="0" skipped="0">
  <reporter-output>
  </reporter-output>
  <suite started-at="2020-09-08T01:52:54Z" name="Default suite" finished-at="2020-09-08T01:54:28Z" duration-ms="94361">
    <groups>
    </groups>
    <test started-at="2020-09-08T01:52:54Z" name="Default test" finished-at="2020-09-08T01:54:28Z" duration-ms="94361">
      <class name="InterviewQuestionPack1.HowToGetSearchElement">
        <test-method is-config="true" signature="OpenBrowser()[pri:0, instance:InterviewQuestionPack1.HowToGetSearchElement@424e1977]" started-at="2020-09-08T01:52:54Z" name="OpenBrowser" finished-at="2020-09-08T01:53:47Z" duration-ms="52819" status="PASS">
          <reporter-output>
          </reporter-output>
        </test-method> <!-- OpenBrowser -->
        <test-method signature="SearchElement()[pri:0, instance:InterviewQuestionPack1.HowToGetSearchElement@424e1977]" started-at="2020-09-08T01:53:47Z" name="SearchElement" finished-at="2020-09-08T01:54:17Z" duration-ms="30516" status="PASS">
          <reporter-output>
          </reporter-output>
        </test-method> <!-- SearchElement -->
        <test-method is-config="true" signature="TearDown()[pri:0, instance:InterviewQuestionPack1.HowToGetSearchElement@424e1977]" started-at="2020-09-08T01:54:17Z" name="TearDown" finished-at="2020-09-08T01:54:28Z" duration-ms="10989" status="PASS">
          <reporter-output>
          </reporter-output>
        </test-method> <!-- TearDown -->
      </class> <!-- InterviewQuestionPack1.HowToGetSearchElement -->
    </test> <!-- Default test -->
  </suite> <!-- Default suite -->
</testng-results>
