<?xml version="1.0" encoding="UTF-8"?>
<!-- Generated by org.testng.reporters.JUnitXMLReporter -->
<testsuite ignored="0" hostname="DESKTOP-3LAS9CR" failures="0" tests="7" name="Test" time="20.216" errors="0" timestamp="28 Jan 2019 22:56:52 GMT">
  <testcase classname="InterviewQuestionPack1.HowToDoubleClick" name="DoubleClick" time="5.128"/>
  <testcase classname="InterviewQuestionPack1.HowToDoubleClick" name="GetCSSProperty" time="0.046"/>
  <testcase classname="InterviewQuestionPack1.HowToDoubleClick" name="GetCSSProperty1" time="0.03"/>
  <testcase classname="InterviewQuestionPack1.HowToDoubleClick" name="GetCSSProperty2" time="0.03"/>
  <testcase classname="InterviewQuestionPack1.HowToDoubleClick" name="GetCSSProperty3" time="0.03"/>
  <testcase classname="InterviewQuestionPack1.HowToDoubleClick" name="GetCSSProperty4" time="0.034"/>
  <testcase classname="InterviewQuestionPack1.HowToDoubleClick" name="GetCSSProperty5" time="0.028"/>
</testsuite> <!-- Test -->
